[19:06:34.962] [T1] [DS=False] DEBUG | Log Started (v1.7.1)
[19:06:35.051] [T1] [DS=False] DEBUG | Faction cleanup: Removing 40/42 members from Space Pirates
[19:06:35.060] [T1] [DS=False] DEBUG | Faction cleanup: Removing 2/4 members from Сабироиды
[19:06:38.153] [T1] [DS=False] DEBUG | CommandMenu Registered Successfully = True
[19:50:54.981] [T1] [DS=False] WARNING | Something attempted to spawn 'Male Astronaut 6' which is not included in the AllowedBotSubtypes. Spawn aborted.
[19:50:58.541] [T1] [DS=False] DEBUG | Mod setup completed in 0H 42M 16.32S
[19:58:08.556] [T1] [DS=False] WARNING | Something attempted to spawn 'SE_astronautNoSuitFemale' which is not included in the AllowedBotSubtypes. Spawn aborted.
[20:01:10.170] [T1] [DS=False] DEBUG | Path to target:
[20:01:10.170] [T1] [DS=False] DEBUG |  -> [X:0, Y:2, Z:-6]
[20:01:10.170] [T1] [DS=False] DEBUG |  -> [X:-1, Y:2, Z:-6]
[20:01:15.371] [T1] [DS=False] DEBUG | Path to target:
[20:01:15.371] [T1] [DS=False] DEBUG |  -> [X:-1, Y:2, Z:-7]
[20:01:31.221] [T1] [DS=False] DEBUG | Path to target:
[20:01:31.221] [T1] [DS=False] DEBUG |  -> [X:-1, Y:2, Z:-6]
[20:01:31.221] [T1] [DS=False] DEBUG |  -> [X:-1, Y:2, Z:-5]
[20:01:46.674] [T1] [DS=False] DEBUG | Path to target:
[20:01:46.674] [T1] [DS=False] DEBUG |  -> [X:0, Y:2, Z:-6]
[20:01:46.674] [T1] [DS=False] DEBUG |  -> [X:1, Y:2, Z:-6]
[20:01:57.216] [T1] [DS=False] DEBUG | Path to target:
[20:01:57.216] [T1] [DS=False] DEBUG |  -> [X:0, Y:2, Z:-6]
[20:01:57.216] [T1] [DS=False] DEBUG |  -> [X:-1, Y:2, Z:-6]
[20:01:57.216] [T1] [DS=False] DEBUG |  -> [X:-1, Y:2, Z:-7]
[20:02:02.234] [T1] [DS=False] DEBUG | Path to target:
[20:02:02.234] [T1] [DS=False] DEBUG |  -> [X:-1, Y:2, Z:-6]
[20:02:02.234] [T1] [DS=False] DEBUG |  -> [X:-1, Y:2, Z:-5]
[20:02:12.082] [T1] [DS=False] DEBUG | Path to target:
[20:02:12.082] [T1] [DS=False] DEBUG |  -> [X:-1, Y:2, Z:-7]
[20:02:17.282] [T1] [DS=False] DEBUG | Path to target:
[20:02:17.282] [T1] [DS=False] DEBUG |  -> [X:-1, Y:2, Z:-6]
[20:02:17.282] [T1] [DS=False] DEBUG |  -> [X:0, Y:2, Z:-6]
[20:02:37.343] [T1] [DS=False] DEBUG | Path to target:
[20:02:37.343] [T1] [DS=False] DEBUG |  -> [X:-1, Y:2, Z:-6]
[20:02:42.359] [T1] [DS=False] DEBUG | Path to target:
[20:02:42.359] [T1] [DS=False] DEBUG |  -> [X:-1, Y:2, Z:-6]
[20:02:42.359] [T1] [DS=False] DEBUG |  -> [X:-1, Y:2, Z:-5]
[20:02:42.567] [T1] [DS=False] DEBUG | Path to target:
[20:02:42.567] [T1] [DS=False] DEBUG |  -> [X:-1, Y:2, Z:-6]
[20:02:42.567] [T1] [DS=False] DEBUG |  -> [X:-1, Y:2, Z:-5]
[20:03:03.299] [T1] [DS=False] DEBUG | Path to target:
[20:03:03.299] [T1] [DS=False] DEBUG |  -> [X:-1, Y:2, Z:-6]
[20:03:03.299] [T1] [DS=False] DEBUG |  -> [X:-1, Y:2, Z:-7]
[20:03:03.633] [T1] [DS=False] DEBUG | Path to target:
[20:03:03.633] [T1] [DS=False] DEBUG |  -> [X:-1, Y:2, Z:-6]
[20:03:03.633] [T1] [DS=False] DEBUG |  -> [X:-1, Y:2, Z:-7]
[20:03:03.700] [T1] [DS=False] DEBUG | Path to target:
[20:03:03.700] [T1] [DS=False] DEBUG |  -> [X:-1, Y:2, Z:-6]
[20:03:03.700] [T1] [DS=False] DEBUG |  -> [X:-1, Y:2, Z:-7]
[20:03:03.866] [T1] [DS=False] DEBUG | Path to target:
[20:03:03.866] [T1] [DS=False] DEBUG |  -> [X:-1, Y:2, Z:-7]
[20:03:04.149] [T1] [DS=False] DEBUG | Path to target:
[20:03:04.149] [T1] [DS=False] DEBUG |  -> [X:-1, Y:2, Z:-7]
[20:03:04.335] [T1] [DS=False] DEBUG | Path to target:
[20:03:04.335] [T1] [DS=False] DEBUG |  -> [X:-1, Y:2, Z:-7]
[20:03:05.083] [T1] [DS=False] DEBUG | Path to target:
[20:03:05.083] [T1] [DS=False] DEBUG |  -> [X:-1, Y:2, Z:-7]
[20:03:05.133] [T1] [DS=False] DEBUG | Path to target:
[20:03:05.133] [T1] [DS=False] DEBUG |  -> [X:-1, Y:2, Z:-7]
[20:03:05.167] [T1] [DS=False] DEBUG | Path to target:
[20:03:05.167] [T1] [DS=False] DEBUG |  -> [X:-1, Y:2, Z:-7]
[20:03:05.317] [T1] [DS=False] DEBUG | Path to target:
[20:03:05.317] [T1] [DS=False] DEBUG |  -> [X:-1, Y:2, Z:-7]
[20:03:05.384] [T1] [DS=False] DEBUG | Path to target:
[20:03:05.384] [T1] [DS=False] DEBUG |  -> [X:-1, Y:2, Z:-7]
[20:03:05.622] [T1] [DS=False] DEBUG | Path to target:
[20:03:05.622] [T1] [DS=False] DEBUG |  -> [X:-1, Y:2, Z:-7]
[20:03:13.506] [T1] [DS=False] DEBUG | Path to target:
[20:03:13.506] [T1] [DS=False] DEBUG |  -> [X:0, Y:2, Z:-6]
[20:03:13.506] [T1] [DS=False] DEBUG |  -> [X:1, Y:2, Z:-6]
[20:03:13.795] [T1] [DS=False] DEBUG | Path to target:
[20:03:13.795] [T1] [DS=False] DEBUG |  -> [X:0, Y:2, Z:-6]
[20:03:13.795] [T1] [DS=False] DEBUG |  -> [X:1, Y:2, Z:-6]
[20:03:13.872] [T1] [DS=False] DEBUG | Path to target:
[20:03:13.872] [T1] [DS=False] DEBUG |  -> [X:0, Y:2, Z:-6]
[20:03:13.872] [T1] [DS=False] DEBUG |  -> [X:1, Y:2, Z:-6]
[20:03:14.039] [T1] [DS=False] DEBUG | Path to target:
[20:03:14.039] [T1] [DS=False] DEBUG |  -> [X:0, Y:2, Z:-6]
[20:03:14.039] [T1] [DS=False] DEBUG |  -> [X:1, Y:2, Z:-6]
[20:03:14.423] [T1] [DS=False] DEBUG | Path to target:
[20:03:14.423] [T1] [DS=False] DEBUG |  -> [X:0, Y:2, Z:-6]
[20:03:14.423] [T1] [DS=False] DEBUG |  -> [X:1, Y:2, Z:-6]
[20:03:14.600] [T1] [DS=False] DEBUG | Path to target:
[20:03:14.600] [T1] [DS=False] DEBUG |  -> [X:0, Y:2, Z:-6]
[20:03:14.600] [T1] [DS=False] DEBUG |  -> [X:1, Y:2, Z:-6]
[20:03:14.749] [T1] [DS=False] DEBUG | Path to target:
[20:03:14.749] [T1] [DS=False] DEBUG |  -> [X:1, Y:2, Z:-6]
[20:03:14.983] [T1] [DS=False] DEBUG | Path to target:
[20:03:14.983] [T1] [DS=False] DEBUG |  -> [X:1, Y:2, Z:-6]
[20:03:15.084] [T1] [DS=False] DEBUG | Path to target:
[20:03:15.084] [T1] [DS=False] DEBUG |  -> [X:1, Y:2, Z:-6]
[20:03:15.284] [T1] [DS=False] DEBUG | Path to target:
[20:03:15.284] [T1] [DS=False] DEBUG |  -> [X:1, Y:2, Z:-6]
[20:03:15.500] [T1] [DS=False] DEBUG | Path to target:
[20:03:15.500] [T1] [DS=False] DEBUG |  -> [X:1, Y:2, Z:-6]
[20:03:15.566] [T1] [DS=False] DEBUG | Path to target:
[20:03:15.567] [T1] [DS=False] DEBUG |  -> [X:1, Y:2, Z:-6]
[20:03:15.650] [T1] [DS=False] DEBUG | Path to target:
[20:03:15.650] [T1] [DS=False] DEBUG |  -> [X:1, Y:2, Z:-6]
[20:03:15.818] [T1] [DS=False] DEBUG | Path to target:
[20:03:15.818] [T1] [DS=False] DEBUG |  -> [X:1, Y:2, Z:-6]
[20:03:18.634] [T1] [DS=False] DEBUG | Path to target:
[20:03:18.634] [T1] [DS=False] DEBUG |  -> [X:1, Y:2, Z:-6]
[20:03:18.634] [T1] [DS=False] DEBUG |  -> [X:1, Y:2, Z:-5]
[20:03:18.914] [T1] [DS=False] DEBUG | Path to target:
[20:03:18.914] [T1] [DS=False] DEBUG |  -> [X:1, Y:2, Z:-6]
[20:03:18.914] [T1] [DS=False] DEBUG |  -> [X:1, Y:2, Z:-5]
[20:03:18.984] [T1] [DS=False] DEBUG | Path to target:
[20:03:18.984] [T1] [DS=False] DEBUG |  -> [X:1, Y:2, Z:-6]
[20:03:18.984] [T1] [DS=False] DEBUG |  -> [X:1, Y:2, Z:-5]
[20:04:49.594] [T1] [DS=False] DEBUG | Path to target:
[20:04:49.594] [T1] [DS=False] DEBUG |  -> [X:1, Y:2, Z:-5]
[20:04:49.777] [T1] [DS=False] DEBUG | Path to target:
[20:04:49.777] [T1] [DS=False] DEBUG |  -> [X:1, Y:2, Z:-5]
[20:04:49.961] [T1] [DS=False] DEBUG | Path to target:
[20:04:49.961] [T1] [DS=False] DEBUG |  -> [X:1, Y:2, Z:-5]
[20:04:50.160] [T1] [DS=False] DEBUG | Path to target:
[20:04:50.160] [T1] [DS=False] DEBUG |  -> [X:1, Y:2, Z:-5]
[20:04:50.344] [T1] [DS=False] DEBUG | Path to target:
[20:04:50.344] [T1] [DS=False] DEBUG |  -> [X:1, Y:2, Z:-5]
[20:04:50.527] [T1] [DS=False] DEBUG | Path to target:
[20:04:50.527] [T1] [DS=False] DEBUG |  -> [X:1, Y:2, Z:-5]
[20:04:50.710] [T1] [DS=False] DEBUG | Path to target:
[20:04:50.710] [T1] [DS=False] DEBUG |  -> [X:1, Y:2, Z:-5]
[20:04:50.893] [T1] [DS=False] DEBUG | Path to target:
[20:04:50.893] [T1] [DS=False] DEBUG |  -> [X:1, Y:2, Z:-5]
[20:04:51.076] [T1] [DS=False] DEBUG | Path to target:
[20:04:51.076] [T1] [DS=False] DEBUG |  -> [X:1, Y:2, Z:-5]
[20:04:51.260] [T1] [DS=False] DEBUG | Path to target:
[20:04:51.260] [T1] [DS=False] DEBUG |  -> [X:1, Y:2, Z:-5]
[20:04:51.426] [T1] [DS=False] DEBUG | Path to target:
[20:04:51.426] [T1] [DS=False] DEBUG |  -> [X:1, Y:2, Z:-5]
[20:04:51.460] [T1] [DS=False] DEBUG | Path to target:
[20:04:51.460] [T1] [DS=False] DEBUG |  -> [X:1, Y:2, Z:-5]
[20:04:51.494] [T1] [DS=False] DEBUG | Path to target:
[20:04:51.494] [T1] [DS=False] DEBUG |  -> [X:1, Y:2, Z:-5]
[20:04:51.526] [T1] [DS=False] DEBUG | Path to target:
[20:04:51.526] [T1] [DS=False] DEBUG |  -> [X:1, Y:2, Z:-5]
[20:04:51.560] [T1] [DS=False] DEBUG | Path to target:
[20:04:51.560] [T1] [DS=False] DEBUG |  -> [X:1, Y:2, Z:-5]
[20:04:51.593] [T1] [DS=False] DEBUG | Path to target:
[20:04:51.593] [T1] [DS=False] DEBUG |  -> [X:1, Y:2, Z:-5]
[20:04:51.627] [T1] [DS=False] DEBUG | Path to target:
[20:04:51.627] [T1] [DS=False] DEBUG |  -> [X:1, Y:2, Z:-5]
[20:04:51.660] [T1] [DS=False] DEBUG | Path to target:
[20:04:51.660] [T1] [DS=False] DEBUG |  -> [X:1, Y:2, Z:-5]
[20:04:51.694] [T1] [DS=False] DEBUG | Path to target:
[20:04:51.694] [T1] [DS=False] DEBUG |  -> [X:1, Y:2, Z:-5]
[20:04:51.727] [T1] [DS=False] DEBUG | Path to target:
[20:04:51.727] [T1] [DS=False] DEBUG |  -> [X:1, Y:2, Z:-5]
[20:04:51.793] [T1] [DS=False] DEBUG | Path to target:
[20:04:51.793] [T1] [DS=False] DEBUG |  -> [X:1, Y:2, Z:-5]
[20:04:51.844] [T1] [DS=False] DEBUG | Path to target:
[20:04:51.844] [T1] [DS=False] DEBUG |  -> [X:1, Y:2, Z:-5]
[20:04:51.877] [T1] [DS=False] DEBUG | Path to target:
[20:04:51.878] [T1] [DS=False] DEBUG |  -> [X:1, Y:2, Z:-5]
[20:04:51.910] [T1] [DS=False] DEBUG | Path to target:
[20:04:51.910] [T1] [DS=False] DEBUG |  -> [X:1, Y:2, Z:-5]
[20:04:51.943] [T1] [DS=False] DEBUG | Path to target:
[20:04:51.943] [T1] [DS=False] DEBUG |  -> [X:1, Y:2, Z:-5]
[20:04:51.977] [T1] [DS=False] DEBUG | Path to target:
[20:04:51.977] [T1] [DS=False] DEBUG |  -> [X:1, Y:2, Z:-5]
[20:04:52.010] [T1] [DS=False] DEBUG | Path to target:
[20:04:52.010] [T1] [DS=False] DEBUG |  -> [X:1, Y:2, Z:-5]
[20:04:52.044] [T1] [DS=False] DEBUG | Path to target:
[20:04:52.044] [T1] [DS=False] DEBUG |  -> [X:1, Y:2, Z:-5]
[20:04:52.077] [T1] [DS=False] DEBUG | Path to target:
[20:04:52.077] [T1] [DS=False] DEBUG |  -> [X:1, Y:2, Z:-5]
[20:04:52.110] [T1] [DS=False] DEBUG | Path to target:
[20:04:52.110] [T1] [DS=False] DEBUG |  -> [X:1, Y:2, Z:-5]
[20:04:52.143] [T1] [DS=False] DEBUG | Path to target:
[20:04:52.143] [T1] [DS=False] DEBUG |  -> [X:1, Y:2, Z:-5]
[20:04:52.176] [T1] [DS=False] DEBUG | Path to target:
[20:04:52.177] [T1] [DS=False] DEBUG |  -> [X:1, Y:2, Z:-5]
[20:04:52.209] [T1] [DS=False] DEBUG | Path to target:
[20:04:52.209] [T1] [DS=False] DEBUG |  -> [X:1, Y:2, Z:-5]
[20:04:52.243] [T1] [DS=False] DEBUG | Path to target:
[20:04:52.243] [T1] [DS=False] DEBUG |  -> [X:1, Y:2, Z:-5]
[20:04:52.277] [T1] [DS=False] DEBUG | Path to target:
[20:04:52.277] [T1] [DS=False] DEBUG |  -> [X:1, Y:2, Z:-5]
[20:04:52.310] [T1] [DS=False] DEBUG | Path to target:
[20:04:52.310] [T1] [DS=False] DEBUG |  -> [X:1, Y:2, Z:-5]
[20:04:52.343] [T1] [DS=False] DEBUG | Path to target:
[20:04:52.343] [T1] [DS=False] DEBUG |  -> [X:1, Y:2, Z:-5]
[20:04:52.377] [T1] [DS=False] DEBUG | Path to target:
[20:04:52.377] [T1] [DS=False] DEBUG |  -> [X:1, Y:2, Z:-5]
[20:04:52.410] [T1] [DS=False] DEBUG | Path to target:
[20:04:52.410] [T1] [DS=False] DEBUG |  -> [X:1, Y:2, Z:-5]
[20:04:52.443] [T1] [DS=False] DEBUG | Path to target:
[20:04:52.443] [T1] [DS=False] DEBUG |  -> [X:1, Y:2, Z:-5]
[20:04:52.476] [T1] [DS=False] DEBUG | Path to target:
[20:04:52.477] [T1] [DS=False] DEBUG |  -> [X:1, Y:2, Z:-5]
[20:04:52.510] [T1] [DS=False] DEBUG | Path to target:
[20:04:52.510] [T1] [DS=False] DEBUG |  -> [X:1, Y:2, Z:-5]
[20:04:52.544] [T1] [DS=False] DEBUG | Path to target:
[20:04:52.544] [T1] [DS=False] DEBUG |  -> [X:1, Y:2, Z:-5]
[20:04:52.577] [T1] [DS=False] DEBUG | Path to target:
[20:04:52.577] [T1] [DS=False] DEBUG |  -> [X:1, Y:2, Z:-5]
[20:04:52.610] [T1] [DS=False] DEBUG | Path to target:
[20:04:52.610] [T1] [DS=False] DEBUG |  -> [X:1, Y:2, Z:-5]
[20:04:52.643] [T1] [DS=False] DEBUG | Path to target:
[20:04:52.643] [T1] [DS=False] DEBUG |  -> [X:1, Y:2, Z:-5]
[20:04:52.676] [T1] [DS=False] DEBUG | Path to target:
[20:04:52.676] [T1] [DS=False] DEBUG |  -> [X:1, Y:2, Z:-5]
[20:04:52.710] [T1] [DS=False] DEBUG | Path to target:
[20:04:52.710] [T1] [DS=False] DEBUG |  -> [X:1, Y:2, Z:-5]
[20:04:52.743] [T1] [DS=False] DEBUG | Path to target:
[20:04:52.743] [T1] [DS=False] DEBUG |  -> [X:1, Y:2, Z:-5]
[20:04:52.960] [T1] [DS=False] DEBUG | Path to target:
[20:04:52.960] [T1] [DS=False] DEBUG |  -> [X:1, Y:2, Z:-5]
[20:04:53.143] [T1] [DS=False] DEBUG | Path to target:
[20:04:53.143] [T1] [DS=False] DEBUG |  -> [X:1, Y:2, Z:-5]
[20:04:53.327] [T1] [DS=False] DEBUG | Path to target:
[20:04:53.327] [T1] [DS=False] DEBUG |  -> [X:1, Y:2, Z:-5]
[20:04:53.510] [T1] [DS=False] DEBUG | Path to target:
[20:04:53.511] [T1] [DS=False] DEBUG |  -> [X:1, Y:2, Z:-5]
[20:04:53.693] [T1] [DS=False] DEBUG | Path to target:
[20:04:53.693] [T1] [DS=False] DEBUG |  -> [X:1, Y:2, Z:-5]
[20:04:53.877] [T1] [DS=False] DEBUG | Path to target:
[20:04:53.877] [T1] [DS=False] DEBUG |  -> [X:1, Y:2, Z:-5]
[20:04:54.060] [T1] [DS=False] DEBUG | Path to target:
[20:04:54.060] [T1] [DS=False] DEBUG |  -> [X:1, Y:2, Z:-5]
[20:04:55.160] [T1] [DS=False] DEBUG | Path to target:
[20:04:55.160] [T1] [DS=False] DEBUG |  -> [X:1, Y:2, Z:-5]
[20:04:55.343] [T1] [DS=False] DEBUG | Path to target:
[20:04:55.343] [T1] [DS=False] DEBUG |  -> [X:1, Y:2, Z:-5]
[20:04:55.526] [T1] [DS=False] DEBUG | Path to target:
[20:04:55.527] [T1] [DS=False] DEBUG |  -> [X:1, Y:2, Z:-5]
[20:04:55.710] [T1] [DS=False] DEBUG | Path to target:
[20:04:55.710] [T1] [DS=False] DEBUG |  -> [X:1, Y:2, Z:-5]
[20:04:55.893] [T1] [DS=False] DEBUG | Path to target:
[20:04:55.893] [T1] [DS=False] DEBUG |  -> [X:1, Y:2, Z:-5]
[20:04:56.077] [T1] [DS=False] DEBUG | Path to target:
[20:04:56.077] [T1] [DS=False] DEBUG |  -> [X:1, Y:2, Z:-5]
[20:04:56.260] [T1] [DS=False] DEBUG | Path to target:
[20:04:56.260] [T1] [DS=False] DEBUG |  -> [X:1, Y:2, Z:-5]
[20:04:59.077] [T1] [DS=False] DEBUG | Path to target:
[20:04:59.077] [T1] [DS=False] DEBUG |  -> [X:1, Y:2, Z:-6]
[20:04:59.077] [T1] [DS=False] DEBUG |  -> [X:1, Y:2, Z:-5]
[20:04:59.477] [T1] [DS=False] DEBUG | Path to target:
[20:04:59.477] [T1] [DS=False] DEBUG |  -> [X:1, Y:2, Z:-5]
[20:05:00.960] [T1] [DS=False] DEBUG | Path to target:
[20:05:02.793] [T1] [DS=False] DEBUG | Path to target:
[20:05:02.793] [T1] [DS=False] DEBUG |  -> [X:0, Y:2, Z:-6]
[20:05:02.793] [T1] [DS=False] DEBUG |  -> [X:1, Y:2, Z:-6]
[20:05:02.793] [T1] [DS=False] DEBUG |  -> [X:1, Y:2, Z:-5]
[20:05:04.794] [T1] [DS=False] DEBUG | Path to target:
[20:05:04.794] [T1] [DS=False] DEBUG |  -> [X:1, Y:2, Z:-5]
[20:05:05.043] [T1] [DS=False] DEBUG | Path to target:
[20:05:09.410] [T1] [DS=False] DEBUG | Path to target:
[20:05:09.410] [T1] [DS=False] DEBUG |  -> [X:1, Y:2, Z:-6]
[20:05:09.410] [T1] [DS=False] DEBUG |  -> [X:1, Y:2, Z:-5]
[20:05:10.160] [T1] [DS=False] DEBUG | Path to target:
[20:05:10.160] [T1] [DS=False] DEBUG |  -> [X:1, Y:2, Z:-5]
[20:05:11.577] [T1] [DS=False] DEBUG | Path to target:
[20:05:11.577] [T1] [DS=False] DEBUG |  -> [X:1, Y:2, Z:-6]
[20:05:11.577] [T1] [DS=False] DEBUG |  -> [X:0, Y:2, Z:-6]
[20:05:13.177] [T1] [DS=False] DEBUG | Path to target:
[20:05:13.177] [T1] [DS=False] DEBUG |  -> [X:1, Y:2, Z:-5]
[20:36:04.105] [T1] [DS=False] WARNING | Something attempted to spawn 'Male Astronaut 6' which is not included in the AllowedBotSubtypes. Spawn aborted.
[20:36:05.771] [T1] [DS=False] WARNING | Something attempted to spawn 'Male Astronaut 5' which is not included in the AllowedBotSubtypes. Spawn aborted.
[20:39:39.646] [T1] [DS=False] WARNING | Something attempted to spawn 'Female Astronaut 3' which is not included in the AllowedBotSubtypes. Spawn aborted.
[20:39:41.313] [T1] [DS=False] WARNING | Something attempted to spawn 'Astronaut_Nosuit' which is not included in the AllowedBotSubtypes. Spawn aborted.
[20:40:31.504] [T1] [DS=False] WARNING | Something attempted to spawn 'SE_astronautNoSuitFemale' which is not included in the AllowedBotSubtypes. Spawn aborted.
[20:40:33.171] [T1] [DS=False] WARNING | Something attempted to spawn 'Female Astronaut 6' which is not included in the AllowedBotSubtypes. Spawn aborted.
[20:50:04.618] [T1] [DS=False] WARNING | Something attempted to spawn 'Female Astronaut 6' which is not included in the AllowedBotSubtypes. Spawn aborted.
[20:50:06.290] [T1] [DS=False] WARNING | Something attempted to spawn 'Female Astronaut 3' which is not included in the AllowedBotSubtypes. Spawn aborted.
[21:24:06.822] [T1] [DS=False] DEBUG | Path to target:
[21:24:06.822] [T1] [DS=False] DEBUG |  -> [X:6, Y:-13, Z:-5]
[21:24:06.822] [T1] [DS=False] DEBUG |  -> [X:6, Y:-14, Z:-5]
[21:24:16.856] [T1] [DS=False] DEBUG | Path to target:
[21:24:16.856] [T1] [DS=False] DEBUG |  -> [X:6, Y:-13, Z:-5]
[21:24:16.856] [T1] [DS=False] DEBUG |  -> [X:7, Y:-13, Z:-5]
[21:24:16.856] [T1] [DS=False] DEBUG |  -> [X:7, Y:-14, Z:-5]
[21:24:26.889] [T1] [DS=False] DEBUG | Path to target:
[21:24:26.889] [T1] [DS=False] DEBUG |  -> [X:7, Y:-12, Z:-5]
[21:24:32.256] [T1] [DS=False] DEBUG | Path to target:
[21:24:32.256] [T1] [DS=False] DEBUG |  -> [X:6, Y:-12, Z:-5]
[21:24:32.256] [T1] [DS=False] DEBUG |  -> [X:5, Y:-12, Z:-5]
[21:24:32.256] [T1] [DS=False] DEBUG |  -> [X:4, Y:-12, Z:-5]
[21:24:32.256] [T1] [DS=False] DEBUG |  -> [X:4, Y:-13, Z:-5]
[21:31:35.248] [T1] [DS=False] DEBUG | Path to target:
[21:31:35.248] [T1] [DS=False] DEBUG |  -> [X:6, Y:-13, Z:-5]
[21:31:35.248] [T1] [DS=False] DEBUG |  -> [X:6, Y:-14, Z:-5]
[21:31:40.264] [T1] [DS=False] DEBUG | Path to target:
[21:31:40.264] [T1] [DS=False] DEBUG |  -> [X:6, Y:-13, Z:-5]
[21:31:40.264] [T1] [DS=False] DEBUG |  -> [X:7, Y:-13, Z:-5]
[21:31:40.264] [T1] [DS=False] DEBUG |  -> [X:7, Y:-14, Z:-5]
[21:31:50.306] [T1] [DS=False] DEBUG | Path to target:
[21:31:50.306] [T1] [DS=False] DEBUG |  -> [X:7, Y:-14, Z:-5]
[21:32:00.331] [T1] [DS=False] DEBUG | Path to target:
[21:32:00.331] [T1] [DS=False] DEBUG |  -> [X:7, Y:-14, Z:-5]
[21:36:04.850] [T1] [DS=False] DEBUG | Path to target:
[21:36:04.850] [T1] [DS=False] DEBUG |  -> [X:5, Y:-13, Z:-5]
[21:36:04.850] [T1] [DS=False] DEBUG |  -> [X:6, Y:-13, Z:-5]
[21:36:04.850] [T1] [DS=False] DEBUG |  -> [X:7, Y:-13, Z:-5]
[21:36:04.984] [T1] [DS=False] DEBUG | Path to target:
[21:36:04.984] [T1] [DS=False] DEBUG |  -> [X:5, Y:-13, Z:-5]
[21:36:04.984] [T1] [DS=False] DEBUG |  -> [X:6, Y:-13, Z:-5]
[21:36:04.984] [T1] [DS=False] DEBUG |  -> [X:7, Y:-13, Z:-5]
[21:36:06.634] [T1] [DS=False] DEBUG | Path to target:
[21:36:06.634] [T1] [DS=False] DEBUG |  -> [X:6, Y:-13, Z:-5]
[21:36:06.634] [T1] [DS=False] DEBUG |  -> [X:7, Y:-13, Z:-5]
[21:36:14.885] [T1] [DS=False] DEBUG | Path to target:
[21:36:14.885] [T1] [DS=False] DEBUG |  -> [X:6, Y:-13, Z:-5]
[21:36:14.885] [T1] [DS=False] DEBUG |  -> [X:6, Y:-14, Z:-5]
[21:36:14.968] [T1] [DS=False] DEBUG | Path to target:
[21:36:14.968] [T1] [DS=False] DEBUG |  -> [X:6, Y:-13, Z:-5]
[21:36:14.968] [T1] [DS=False] DEBUG |  -> [X:6, Y:-14, Z:-5]
[21:36:19.901] [T1] [DS=False] DEBUG | Path to target:
[21:36:19.901] [T1] [DS=False] DEBUG |  -> [X:6, Y:-13, Z:-5]
[21:36:19.901] [T1] [DS=False] DEBUG |  -> [X:7, Y:-13, Z:-5]
[21:36:19.968] [T1] [DS=False] DEBUG | Path to target:
[21:36:19.968] [T1] [DS=False] DEBUG |  -> [X:6, Y:-13, Z:-5]
[21:36:19.968] [T1] [DS=False] DEBUG |  -> [X:7, Y:-13, Z:-5]
[21:36:24.917] [T1] [DS=False] DEBUG | Path to target:
[21:36:24.917] [T1] [DS=False] DEBUG |  -> [X:6, Y:-13, Z:-5]
[21:36:24.917] [T1] [DS=False] DEBUG |  -> [X:6, Y:-14, Z:-5]
[21:36:24.968] [T1] [DS=False] DEBUG | Path to target:
[21:36:24.968] [T1] [DS=False] DEBUG |  -> [X:6, Y:-13, Z:-5]
[21:36:24.968] [T1] [DS=False] DEBUG |  -> [X:6, Y:-14, Z:-5]
[21:36:29.968] [T1] [DS=False] DEBUG | Path to target:
[21:36:29.968] [T1] [DS=False] DEBUG |  -> [X:6, Y:-13, Z:-5]
[21:36:29.968] [T1] [DS=False] DEBUG |  -> [X:5, Y:-13, Z:-5]
[21:36:29.968] [T1] [DS=False] DEBUG |  -> [X:4, Y:-13, Z:-5]
[21:36:45.018] [T1] [DS=False] DEBUG | Path to target:
[21:36:45.018] [T1] [DS=False] DEBUG |  -> [X:4, Y:-12, Z:-5]
[21:36:50.034] [T1] [DS=False] DEBUG | Path to target:
[21:36:50.034] [T1] [DS=False] DEBUG |  -> [X:4, Y:-13, Z:-5]
[21:36:55.051] [T1] [DS=False] DEBUG | Path to target:
[21:36:55.052] [T1] [DS=False] DEBUG |  -> [X:4, Y:-13, Z:-5]
[21:37:00.068] [T1] [DS=False] DEBUG | Path to target:
[21:37:00.068] [T1] [DS=False] DEBUG |  -> [X:5, Y:-12, Z:-5]
[21:37:00.068] [T1] [DS=False] DEBUG |  -> [X:6, Y:-12, Z:-5]
[21:37:00.068] [T1] [DS=False] DEBUG |  -> [X:7, Y:-12, Z:-5]
[21:37:01.634] [T1] [DS=False] DEBUG | Path to target:
[21:37:01.634] [T1] [DS=False] DEBUG |  -> [X:7, Y:-12, Z:-5]
[21:37:03.309] [T1] [DS=False] DEBUG | Path to target:
[21:37:03.309] [T1] [DS=False] DEBUG |  -> [X:7, Y:-12, Z:-5]
[21:37:20.151] [T1] [DS=False] DEBUG | Path to target:
[21:37:20.151] [T1] [DS=False] DEBUG |  -> [X:6, Y:-12, Z:-5]
[21:37:25.168] [T1] [DS=False] DEBUG | Path to target:
[21:37:25.168] [T1] [DS=False] DEBUG |  -> [X:7, Y:-12, Z:-5]
[21:37:35.201] [T1] [DS=False] DEBUG | Path to target:
[21:37:35.201] [T1] [DS=False] DEBUG |  -> [X:7, Y:-13, Z:-5]
[21:37:35.502] [T1] [DS=False] DEBUG | Path to target:
[21:37:35.502] [T1] [DS=False] DEBUG |  -> [X:6, Y:-12, Z:-5]
[21:37:35.502] [T1] [DS=False] DEBUG |  -> [X:5, Y:-12, Z:-5]
[21:37:35.502] [T1] [DS=False] DEBUG |  -> [X:5, Y:-13, Z:-5]
[21:37:35.502] [T1] [DS=False] DEBUG |  -> [X:5, Y:-14, Z:-5]
[21:37:36.318] [T1] [DS=False] DEBUG | Path to target:
[21:37:36.318] [T1] [DS=False] DEBUG |  -> [X:5, Y:-12, Z:-5]
[21:37:36.318] [T1] [DS=False] DEBUG |  -> [X:5, Y:-13, Z:-5]
[21:37:36.318] [T1] [DS=False] DEBUG |  -> [X:5, Y:-14, Z:-5]
[21:37:38.252] [T1] [DS=False] DEBUG | Path to target:
[21:37:38.252] [T1] [DS=False] DEBUG |  -> [X:5, Y:-12, Z:-5]
[21:37:38.252] [T1] [DS=False] DEBUG |  -> [X:5, Y:-13, Z:-5]
[21:37:38.252] [T1] [DS=False] DEBUG |  -> [X:5, Y:-14, Z:-5]
[21:37:38.434] [T1] [DS=False] DEBUG | Path to target:
[21:37:38.434] [T1] [DS=False] DEBUG |  -> [X:5, Y:-12, Z:-5]
[21:37:38.434] [T1] [DS=False] DEBUG |  -> [X:5, Y:-13, Z:-5]
[21:37:40.018] [T1] [DS=False] DEBUG | Path to target:
[21:37:40.018] [T1] [DS=False] DEBUG |  -> [X:6, Y:-12, Z:-5]
[21:37:40.018] [T1] [DS=False] DEBUG |  -> [X:7, Y:-12, Z:-5]
[21:37:40.018] [T1] [DS=False] DEBUG |  -> [X:7, Y:-13, Z:-5]
[21:37:40.035] [T1] [DS=False] DEBUG | Path to target:
[21:37:40.035] [T1] [DS=False] DEBUG |  -> [X:4, Y:-12, Z:-5]
[22:22:06.258] [T1] [DS=False] WARNING | Something attempted to spawn 'Female Astronaut 1' which is not included in the AllowedBotSubtypes. Spawn aborted.
[22:22:07.925] [T1] [DS=False] WARNING | Something attempted to spawn 'Female Astronaut 5' which is not included in the AllowedBotSubtypes. Spawn aborted.
[22:22:09.591] [T1] [DS=False] WARNING | Something attempted to spawn 'Female Astronaut 4' which is not included in the AllowedBotSubtypes. Spawn aborted.
[22:26:28.227] [T1] [DS=False] WARNING | Something attempted to spawn 'Female Astronaut 6' which is not included in the AllowedBotSubtypes. Spawn aborted.
[22:26:29.890] [T1] [DS=False] WARNING | Something attempted to spawn 'SE_astronautNoSuit' which is not included in the AllowedBotSubtypes. Spawn aborted.
[22:31:31.150] [T1] [DS=False] WARNING | Something attempted to spawn 'Female Astronaut 1' which is not included in the AllowedBotSubtypes. Spawn aborted.
[22:32:18.416] [T1] [DS=False] DEBUG | Path to target:
[22:32:18.416] [T1] [DS=False] DEBUG |  -> [X:1, Y:1, Z:3]
[22:32:18.416] [T1] [DS=False] DEBUG |  -> [X:2, Y:1, Z:3]
[22:32:18.416] [T1] [DS=False] DEBUG |  -> [X:2, Y:1, Z:2]
[22:32:18.416] [T1] [DS=False] DEBUG |  -> [X:2, Y:1, Z:1]
[22:32:18.416] [T1] [DS=False] DEBUG |  -> [X:2, Y:0, Z:0]
[22:32:18.416] [T1] [DS=False] DEBUG |  -> [X:2, Y:0, Z:-1]
[22:32:18.416] [T1] [DS=False] DEBUG |  -> [X:2, Y:0, Z:-2]
[22:32:18.416] [T1] [DS=False] DEBUG |  -> [X:2, Y:0, Z:-3]
[22:32:18.416] [T1] [DS=False] DEBUG |  -> [X:2, Y:0, Z:-4]
[22:32:18.416] [T1] [DS=False] DEBUG |  -> [X:2, Y:0, Z:-5]
[22:32:18.416] [T1] [DS=False] DEBUG |  -> [X:1, Y:0, Z:-4]
[22:32:19.532] [T1] [DS=False] DEBUG | Path to target:
[22:32:19.532] [T1] [DS=False] DEBUG |  -> [X:2, Y:1, Z:3]
[22:32:20.132] [T1] [DS=False] DEBUG | Path to target:
[22:32:20.132] [T1] [DS=False] DEBUG |  -> [X:2, Y:1, Z:3]
[22:32:20.132] [T1] [DS=False] DEBUG |  -> [X:2, Y:1, Z:2]
[22:32:20.132] [T1] [DS=False] DEBUG |  -> [X:2, Y:1, Z:1]
[22:32:20.132] [T1] [DS=False] DEBUG |  -> [X:2, Y:0, Z:0]
[22:32:20.132] [T1] [DS=False] DEBUG |  -> [X:2, Y:0, Z:-1]
[22:32:20.132] [T1] [DS=False] DEBUG |  -> [X:2, Y:0, Z:-2]
[22:32:20.132] [T1] [DS=False] DEBUG |  -> [X:2, Y:0, Z:-3]
[22:32:20.132] [T1] [DS=False] DEBUG |  -> [X:2, Y:0, Z:-4]
[22:32:20.132] [T1] [DS=False] DEBUG |  -> [X:2, Y:0, Z:-5]
[22:32:20.132] [T1] [DS=False] DEBUG |  -> [X:1, Y:0, Z:-4]
[22:32:20.149] [T1] [DS=False] DEBUG | Path to target:
[22:32:20.149] [T1] [DS=False] DEBUG |  -> [X:2, Y:1, Z:3]
[22:32:21.649] [T1] [DS=False] DEBUG | Path to target:
[22:32:21.649] [T1] [DS=False] DEBUG |  -> [X:2, Y:1, Z:3]
[22:32:21.649] [T1] [DS=False] DEBUG |  -> [X:2, Y:1, Z:2]
[22:32:21.649] [T1] [DS=False] DEBUG |  -> [X:2, Y:1, Z:1]
[22:32:21.649] [T1] [DS=False] DEBUG |  -> [X:2, Y:0, Z:0]
[22:32:21.649] [T1] [DS=False] DEBUG |  -> [X:2, Y:0, Z:-1]
[22:32:21.649] [T1] [DS=False] DEBUG |  -> [X:2, Y:0, Z:-2]
[22:32:21.649] [T1] [DS=False] DEBUG |  -> [X:2, Y:0, Z:-3]
[22:32:21.649] [T1] [DS=False] DEBUG |  -> [X:2, Y:0, Z:-4]
[22:32:21.649] [T1] [DS=False] DEBUG |  -> [X:2, Y:0, Z:-5]
[22:32:21.649] [T1] [DS=False] DEBUG |  -> [X:1, Y:0, Z:-4]
[22:32:23.649] [T1] [DS=False] DEBUG | Path to target:
[22:32:23.649] [T1] [DS=False] DEBUG |  -> [X:3, Y:1, Z:4]
[22:32:23.649] [T1] [DS=False] DEBUG |  -> [X:2, Y:1, Z:4]
[22:32:24.965] [T1] [DS=False] DEBUG | Path to target:
[22:32:24.966] [T1] [DS=False] DEBUG |  -> [X:5, Y:0, Z:5]
[22:32:24.966] [T1] [DS=False] DEBUG |  -> [X:5, Y:0, Z:4]
[22:32:24.966] [T1] [DS=False] DEBUG |  -> [X:5, Y:0, Z:3]
[22:32:24.966] [T1] [DS=False] DEBUG |  -> [X:4, Y:0, Z:3]
[22:32:24.966] [T1] [DS=False] DEBUG |  -> [X:4, Y:0, Z:2]
[22:32:24.966] [T1] [DS=False] DEBUG |  -> [X:4, Y:0, Z:1]
[22:32:24.966] [T1] [DS=False] DEBUG |  -> [X:4, Y:0, Z:0]
[22:32:24.966] [T1] [DS=False] DEBUG |  -> [X:3, Y:0, Z:-1]
[22:32:24.966] [T1] [DS=False] DEBUG |  -> [X:2, Y:0, Z:-2]
[22:32:24.966] [T1] [DS=False] DEBUG |  -> [X:2, Y:0, Z:-3]
[22:32:24.966] [T1] [DS=False] DEBUG |  -> [X:2, Y:0, Z:-4]
[22:32:24.966] [T1] [DS=False] DEBUG |  -> [X:2, Y:0, Z:-5]
[22:32:24.966] [T1] [DS=False] DEBUG |  -> [X:1, Y:0, Z:-4]
[22:32:24.983] [T1] [DS=False] DEBUG | Path to target:
[22:32:24.983] [T1] [DS=False] DEBUG |  -> [X:5, Y:0, Z:5]
[22:32:24.983] [T1] [DS=False] DEBUG |  -> [X:5, Y:0, Z:4]
[22:32:24.983] [T1] [DS=False] DEBUG |  -> [X:5, Y:0, Z:3]
[22:32:24.983] [T1] [DS=False] DEBUG |  -> [X:4, Y:0, Z:3]
[22:32:24.983] [T1] [DS=False] DEBUG |  -> [X:3, Y:0, Z:3]
[22:32:24.983] [T1] [DS=False] DEBUG |  -> [X:3, Y:0, Z:4]
[22:32:27.032] [T1] [DS=False] DEBUG | Path to target:
[22:32:27.032] [T1] [DS=False] DEBUG |  -> [X:4, Y:0, Z:6]
[22:32:27.032] [T1] [DS=False] DEBUG |  -> [X:4, Y:0, Z:5]
[22:32:27.399] [T1] [DS=False] DEBUG | Path to target:
[22:32:27.399] [T1] [DS=False] DEBUG |  -> [X:2, Y:1, Z:5]
[22:32:27.399] [T1] [DS=False] DEBUG |  -> [X:3, Y:1, Z:4]
[22:32:27.399] [T1] [DS=False] DEBUG |  -> [X:3, Y:0, Z:4]
[22:32:27.632] [T1] [DS=False] DEBUG | Path to target:
[22:32:27.632] [T1] [DS=False] DEBUG |  -> [X:3, Y:0, Z:6]
[22:32:27.865] [T1] [DS=False] DEBUG | Path to target:
[22:32:27.865] [T1] [DS=False] DEBUG |  -> [X:2, Y:0, Z:6]
[22:32:28.666] [T1] [DS=False] DEBUG | Path to target:
[22:32:28.666] [T1] [DS=False] DEBUG |  -> [X:2, Y:0, Z:7]
[22:32:28.965] [T1] [DS=False] DEBUG | Path to target:
[22:32:28.965] [T1] [DS=False] DEBUG |  -> [X:2, Y:0, Z:8]
[22:32:29.149] [T1] [DS=False] DEBUG | Path to target:
[22:32:29.149] [T1] [DS=False] DEBUG |  -> [X:1, Y:0, Z:8]
[22:32:29.332] [T1] [DS=False] DEBUG | Path to target:
[22:32:29.332] [T1] [DS=False] DEBUG |  -> [X:1, Y:1, Z:8]
[22:32:29.515] [T1] [DS=False] DEBUG | Path to target:
[22:32:29.515] [T1] [DS=False] DEBUG |  -> [X:0, Y:1, Z:9]
[22:32:29.515] [T1] [DS=False] DEBUG |  -> [X:0, Y:2, Z:9]
[22:32:29.699] [T1] [DS=False] DEBUG | Path to target:
[22:32:29.699] [T1] [DS=False] DEBUG |  -> [X:1, Y:1, Z:10]
[22:32:29.699] [T1] [DS=False] DEBUG |  -> [X:1, Y:2, Z:10]
[22:32:29.699] [T1] [DS=False] DEBUG |  -> [X:1, Y:3, Z:10]
[22:32:29.882] [T1] [DS=False] DEBUG | Path to target:
[22:32:29.882] [T1] [DS=False] DEBUG |  -> [X:1, Y:1, Z:9]
[22:32:29.882] [T1] [DS=False] DEBUG |  -> [X:0, Y:2, Z:9]
[22:32:29.882] [T1] [DS=False] DEBUG |  -> [X:-1, Y:3, Z:9]
[22:32:29.882] [T1] [DS=False] DEBUG |  -> [X:-1, Y:4, Z:9]
[22:32:31.565] [T1] [DS=False] DEBUG | Path to target:
[22:32:31.565] [T1] [DS=False] DEBUG |  -> [X:2, Y:0, Z:5]
[22:32:31.565] [T1] [DS=False] DEBUG |  -> [X:2, Y:1, Z:5]
[22:32:31.565] [T1] [DS=False] DEBUG |  -> [X:2, Y:2, Z:4]
[22:32:31.565] [T1] [DS=False] DEBUG |  -> [X:2, Y:3, Z:3]
[22:32:31.565] [T1] [DS=False] DEBUG |  -> [X:2, Y:4, Z:2]
[22:32:31.565] [T1] [DS=False] DEBUG |  -> [X:2, Y:4, Z:1]
[22:32:32.848] [T1] [DS=False] DEBUG | Path to target:
[22:32:32.848] [T1] [DS=False] DEBUG |  -> [X:2, Y:1, Z:3]
[22:32:32.848] [T1] [DS=False] DEBUG |  -> [X:2, Y:1, Z:2]
[22:32:32.849] [T1] [DS=False] DEBUG |  -> [X:2, Y:1, Z:1]
[22:32:32.849] [T1] [DS=False] DEBUG |  -> [X:2, Y:0, Z:0]
[22:32:32.849] [T1] [DS=False] DEBUG |  -> [X:2, Y:0, Z:-1]
[22:32:32.849] [T1] [DS=False] DEBUG |  -> [X:2, Y:1, Z:-2]
[22:32:35.149] [T1] [DS=False] DEBUG | Path to target:
[22:32:35.149] [T1] [DS=False] DEBUG |  -> [X:1, Y:0, Z:6]
[22:32:35.149] [T1] [DS=False] DEBUG |  -> [X:0, Y:0, Z:6]
[22:32:35.149] [T1] [DS=False] DEBUG |  -> [X:-1, Y:0, Z:6]
[22:32:35.149] [T1] [DS=False] DEBUG |  -> [X:-2, Y:0, Z:5]
[22:32:35.149] [T1] [DS=False] DEBUG |  -> [X:-2, Y:0, Z:4]
[22:32:35.149] [T1] [DS=False] DEBUG |  -> [X:-2, Y:0, Z:3]
[22:32:35.149] [T1] [DS=False] DEBUG |  -> [X:-2, Y:0, Z:2]
[22:32:35.149] [T1] [DS=False] DEBUG |  -> [X:-2, Y:0, Z:1]
[22:32:35.149] [T1] [DS=False] DEBUG |  -> [X:-1, Y:0, Z:0]
[22:32:35.149] [T1] [DS=False] DEBUG |  -> [X:0, Y:0, Z:-1]
[22:32:35.149] [T1] [DS=False] DEBUG |  -> [X:0, Y:0, Z:-2]
[22:32:35.149] [T1] [DS=False] DEBUG |  -> [X:0, Y:0, Z:-3]
[22:32:35.149] [T1] [DS=False] DEBUG |  -> [X:0, Y:0, Z:-4]
[22:32:35.149] [T1] [DS=False] DEBUG |  -> [X:1, Y:0, Z:-4]
[22:32:47.181] [T1] [DS=False] DEBUG | Path to target:
[22:32:47.182] [T1] [DS=False] DEBUG |  -> [X:0, Y:0, Z:-3]
[22:32:47.182] [T1] [DS=False] DEBUG |  -> [X:-1, Y:0, Z:-2]
[22:32:47.182] [T1] [DS=False] DEBUG |  -> [X:-2, Y:0, Z:-1]
[22:32:47.182] [T1] [DS=False] DEBUG |  -> [X:-3, Y:0, Z:0]
[22:32:47.182] [T1] [DS=False] DEBUG |  -> [X:-4, Y:0, Z:1]
[22:32:47.182] [T1] [DS=False] DEBUG |  -> [X:-5, Y:0, Z:2]
[22:32:47.182] [T1] [DS=False] DEBUG |  -> [X:-5, Y:0, Z:3]
[22:32:47.182] [T1] [DS=False] DEBUG |  -> [X:-5, Y:0, Z:4]
[22:32:55.782] [T1] [DS=False] DEBUG | Path to target:
[22:32:55.782] [T1] [DS=False] DEBUG |  -> [X:-4, Y:0, Z:3]
[22:32:55.782] [T1] [DS=False] DEBUG |  -> [X:-3, Y:0, Z:3]
[22:32:55.782] [T1] [DS=False] DEBUG |  -> [X:-2, Y:0, Z:3]
[22:33:00.799] [T1] [DS=False] DEBUG | Path to target:
[22:33:00.799] [T1] [DS=False] DEBUG |  -> [X:-3, Y:0, Z:4]
[22:33:00.799] [T1] [DS=False] DEBUG |  -> [X:-4, Y:0, Z:5]
[22:33:00.799] [T1] [DS=False] DEBUG |  -> [X:-5, Y:0, Z:6]
[22:33:00.799] [T1] [DS=False] DEBUG |  -> [X:-6, Y:0, Z:7]
[22:33:05.815] [T1] [DS=False] DEBUG | Path to target:
[22:33:05.815] [T1] [DS=False] DEBUG |  -> [X:-5, Y:0, Z:6]
[22:33:05.815] [T1] [DS=False] DEBUG |  -> [X:-4, Y:0, Z:5]
[22:33:05.815] [T1] [DS=False] DEBUG |  -> [X:-3, Y:0, Z:4]
[22:33:05.815] [T1] [DS=False] DEBUG |  -> [X:-2, Y:0, Z:3]
[22:33:05.815] [T1] [DS=False] DEBUG |  -> [X:-2, Y:0, Z:2]
[22:33:05.815] [T1] [DS=False] DEBUG |  -> [X:-2, Y:0, Z:1]
[22:33:05.815] [T1] [DS=False] DEBUG |  -> [X:-1, Y:0, Z:1]
[22:33:12.665] [T1] [DS=False] DEBUG | Path to target:
[22:33:12.665] [T1] [DS=False] DEBUG |  -> [X:-1, Y:1, Z:0]
[22:33:12.665] [T1] [DS=False] DEBUG |  -> [X:0, Y:2, Z:0]
[22:33:12.665] [T1] [DS=False] DEBUG |  -> [X:1, Y:2, Z:-1]
[22:33:12.665] [T1] [DS=False] DEBUG |  -> [X:1, Y:1, Z:-1]
[22:33:12.665] [T1] [DS=False] DEBUG |  -> [X:1, Y:0, Z:-2]
[22:33:22.882] [T1] [DS=False] DEBUG | Path to target:
[22:33:22.882] [T1] [DS=False] DEBUG |  -> [X:1, Y:1, Z:-1]
[22:33:22.882] [T1] [DS=False] DEBUG |  -> [X:1, Y:1, Z:-2]
[22:33:22.882] [T1] [DS=False] DEBUG |  -> [X:1, Y:1, Z:-3]
[22:33:22.882] [T1] [DS=False] DEBUG |  -> [X:2, Y:0, Z:-3]
[22:33:22.882] [T1] [DS=False] DEBUG |  -> [X:3, Y:0, Z:-4]
[22:33:22.882] [T1] [DS=False] DEBUG |  -> [X:4, Y:0, Z:-5]
[22:33:22.882] [T1] [DS=False] DEBUG |  -> [X:5, Y:0, Z:-6]
[22:33:22.882] [T1] [DS=False] DEBUG |  -> [X:6, Y:0, Z:-6]
[22:33:22.882] [T1] [DS=False] DEBUG |  -> [X:7, Y:0, Z:-6]
[22:33:22.882] [T1] [DS=False] DEBUG |  -> [X:8, Y:0, Z:-6]
[22:33:24.533] [T1] [DS=False] DEBUG | Path to target:
[22:33:24.533] [T1] [DS=False] DEBUG |  -> [X:1, Y:1, Z:-2]
[22:33:24.533] [T1] [DS=False] DEBUG |  -> [X:1, Y:1, Z:-3]
[22:33:24.533] [T1] [DS=False] DEBUG |  -> [X:2, Y:0, Z:-3]
[22:33:24.533] [T1] [DS=False] DEBUG |  -> [X:3, Y:0, Z:-3]
[22:33:24.533] [T1] [DS=False] DEBUG |  -> [X:4, Y:0, Z:-3]
[22:33:24.533] [T1] [DS=False] DEBUG |  -> [X:5, Y:0, Z:-3]
[22:33:24.533] [T1] [DS=False] DEBUG |  -> [X:6, Y:0, Z:-3]
[22:33:24.533] [T1] [DS=False] DEBUG |  -> [X:7, Y:1, Z:-3]
[22:33:25.332] [T1] [DS=False] DEBUG | Path to target:
[22:33:25.332] [T1] [DS=False] DEBUG |  -> [X:1, Y:0, Z:-5]
[22:33:25.332] [T1] [DS=False] DEBUG |  -> [X:2, Y:0, Z:-4]
[22:33:25.332] [T1] [DS=False] DEBUG |  -> [X:3, Y:0, Z:-3]
[22:33:25.332] [T1] [DS=False] DEBUG |  -> [X:4, Y:0, Z:-3]
[22:33:25.332] [T1] [DS=False] DEBUG |  -> [X:5, Y:1, Z:-3]
[22:33:25.516] [T1] [DS=False] DEBUG | Path to target:
[22:33:25.516] [T1] [DS=False] DEBUG |  -> [X:1, Y:0, Z:-5]
[22:33:25.516] [T1] [DS=False] DEBUG |  -> [X:2, Y:0, Z:-4]
[22:33:25.516] [T1] [DS=False] DEBUG |  -> [X:3, Y:0, Z:-3]
[22:33:25.516] [T1] [DS=False] DEBUG |  -> [X:4, Y:0, Z:-3]
[22:33:25.699] [T1] [DS=False] DEBUG | Path to target:
[22:33:25.699] [T1] [DS=False] DEBUG |  -> [X:1, Y:0, Z:-5]
[22:33:25.699] [T1] [DS=False] DEBUG |  -> [X:2, Y:0, Z:-4]
[22:33:25.699] [T1] [DS=False] DEBUG |  -> [X:3, Y:0, Z:-4]
[22:33:25.998] [T1] [DS=False] DEBUG | Path to target:
[22:33:25.998] [T1] [DS=False] DEBUG |  -> [X:1, Y:0, Z:-5]
[22:33:25.998] [T1] [DS=False] DEBUG |  -> [X:2, Y:0, Z:-4]
[22:33:25.998] [T1] [DS=False] DEBUG |  -> [X:3, Y:0, Z:-4]
[22:33:26.431] [T1] [DS=False] DEBUG | Path to target:
[22:33:26.432] [T1] [DS=False] DEBUG |  -> [X:2, Y:0, Z:-4]
[22:33:26.566] [T1] [DS=False] DEBUG | Path to target:
[22:33:26.566] [T1] [DS=False] DEBUG |  -> [X:2, Y:0, Z:-5]
[22:33:27.132] [T1] [DS=False] DEBUG | Path to target:
[22:33:27.132] [T1] [DS=False] DEBUG |  -> [X:1, Y:0, Z:-6]
[22:33:27.132] [T1] [DS=False] DEBUG |  -> [X:2, Y:0, Z:-6]
[22:33:27.132] [T1] [DS=False] DEBUG |  -> [X:3, Y:0, Z:-6]
[22:33:27.132] [T1] [DS=False] DEBUG |  -> [X:4, Y:0, Z:-6]
[22:33:27.132] [T1] [DS=False] DEBUG |  -> [X:5, Y:0, Z:-6]
[22:33:27.132] [T1] [DS=False] DEBUG |  -> [X:6, Y:0, Z:-6]
[22:33:27.132] [T1] [DS=False] DEBUG |  -> [X:7, Y:0, Z:-6]
[22:33:27.132] [T1] [DS=False] DEBUG |  -> [X:8, Y:0, Z:-6]
[22:33:27.149] [T1] [DS=False] DEBUG | Path to target:
[22:33:27.149] [T1] [DS=False] DEBUG |  -> [X:1, Y:0, Z:-4]
[22:33:27.466] [T1] [DS=False] DEBUG | Path to target:
[22:33:27.466] [T1] [DS=False] DEBUG |  -> [X:1, Y:0, Z:-6]
[22:33:27.466] [T1] [DS=False] DEBUG |  -> [X:2, Y:0, Z:-6]
[22:33:27.466] [T1] [DS=False] DEBUG |  -> [X:3, Y:0, Z:-6]
[22:33:27.466] [T1] [DS=False] DEBUG |  -> [X:4, Y:0, Z:-6]
[22:33:27.466] [T1] [DS=False] DEBUG |  -> [X:5, Y:0, Z:-6]
[22:33:27.466] [T1] [DS=False] DEBUG |  -> [X:6, Y:0, Z:-6]
[22:33:27.466] [T1] [DS=False] DEBUG |  -> [X:7, Y:0, Z:-6]
[22:33:27.466] [T1] [DS=False] DEBUG |  -> [X:8, Y:0, Z:-6]
[22:33:27.482] [T1] [DS=False] DEBUG | Path to target:
[22:33:27.482] [T1] [DS=False] DEBUG |  -> [X:1, Y:0, Z:-4]
[22:33:27.582] [T1] [DS=False] DEBUG | Path to target:
[22:33:27.582] [T1] [DS=False] DEBUG |  -> [X:1, Y:0, Z:-6]
[22:33:27.582] [T1] [DS=False] DEBUG |  -> [X:2, Y:0, Z:-6]
[22:33:27.582] [T1] [DS=False] DEBUG |  -> [X:3, Y:0, Z:-6]
[22:33:27.582] [T1] [DS=False] DEBUG |  -> [X:4, Y:0, Z:-6]
[22:33:27.582] [T1] [DS=False] DEBUG |  -> [X:5, Y:0, Z:-6]
[22:33:27.582] [T1] [DS=False] DEBUG |  -> [X:6, Y:0, Z:-6]
[22:33:27.582] [T1] [DS=False] DEBUG |  -> [X:7, Y:0, Z:-6]
[22:33:27.582] [T1] [DS=False] DEBUG |  -> [X:8, Y:0, Z:-6]
[22:33:27.598] [T1] [DS=False] DEBUG | Path to target:
[22:33:27.598] [T1] [DS=False] DEBUG |  -> [X:1, Y:0, Z:-4]
[22:33:27.698] [T1] [DS=False] DEBUG | Path to target:
[22:33:27.698] [T1] [DS=False] DEBUG |  -> [X:1, Y:0, Z:-6]
[22:33:27.698] [T1] [DS=False] DEBUG |  -> [X:2, Y:0, Z:-6]
[22:33:27.698] [T1] [DS=False] DEBUG |  -> [X:3, Y:0, Z:-6]
[22:33:27.698] [T1] [DS=False] DEBUG |  -> [X:4, Y:0, Z:-6]
[22:33:27.698] [T1] [DS=False] DEBUG |  -> [X:5, Y:0, Z:-6]
[22:33:27.698] [T1] [DS=False] DEBUG |  -> [X:6, Y:0, Z:-6]
[22:33:27.698] [T1] [DS=False] DEBUG |  -> [X:7, Y:0, Z:-6]
[22:33:27.698] [T1] [DS=False] DEBUG |  -> [X:8, Y:0, Z:-6]
[22:33:27.715] [T1] [DS=False] DEBUG | Path to target:
[22:33:27.715] [T1] [DS=False] DEBUG |  -> [X:1, Y:0, Z:-4]
[22:33:27.948] [T1] [DS=False] DEBUG | Path to target:
[22:33:27.948] [T1] [DS=False] DEBUG |  -> [X:0, Y:0, Z:-4]
[22:38:42.563] [T1] [DS=False] DEBUG | Unloading mod data. Registered = True
[22:38:42.701] [T1] [DS=False] DEBUG | Mod unloaded successfully
